<?xml version="1.0" encoding="UTF-8"?>
<testng-results skipped="0" failed="0" ignored="0" total="12" passed="12">
  <reporter-output>
  </reporter-output>
  <suite name="ApprovalWorkflowTest" duration-ms="117" started-at="2019-10-25T06:48:40 IST" finished-at="2019-10-25T06:48:40 IST">
    <groups>
    </groups>
    <test name="Command line test" duration-ms="117" started-at="2019-10-25T06:48:40 IST" finished-at="2019-10-25T06:48:40 IST">
      <class name="ApprovalWorkflowTest">
        <test-method status="PASS" signature="init()[pri:0, instance:ApprovalWorkflowTest@457e2f02]" name="init" is-config="true" duration-ms="28" started-at="2019-10-25T06:48:40 IST" finished-at="2019-10-25T06:48:40 IST">
          <reporter-output>
          </reporter-output>
        </test-method> <!-- init -->
        <test-method status="PASS" signature="shouldComeToRightStateAfterMultipleTransitions(java.lang.Object)[pri:0, instance:ApprovalWorkflowTest@457e2f02]" name="shouldComeToRightStateAfterMultipleTransitions" duration-ms="6" started-at="2019-10-25T06:48:40 IST" data-provider="multipleTransition" finished-at="2019-10-25T06:48:40 IST">
          <params>
            <param index="0">
              <value>
                <![CDATA[ApprovalWorkflowTest$StateTransition@4bbfb90a]]>
              </value>
            </param>
          </params>
          <reporter-output>
          </reporter-output>
        </test-method> <!-- shouldComeToRightStateAfterMultipleTransitions -->
        <test-method status="PASS" signature="shouldComeToRightStateAfterMultipleTransitions(java.lang.Object)[pri:0, instance:ApprovalWorkflowTest@457e2f02]" name="shouldComeToRightStateAfterMultipleTransitions" duration-ms="0" started-at="2019-10-25T06:48:40 IST" data-provider="multipleTransition" finished-at="2019-10-25T06:48:40 IST">
          <params>
            <param index="0">
              <value>
                <![CDATA[ApprovalWorkflowTest$StateTransition@5e853265]]>
              </value>
            </param>
          </params>
          <reporter-output>
          </reporter-output>
        </test-method> <!-- shouldComeToRightStateAfterMultipleTransitions -->
        <test-method status="PASS" signature="shouldThrowExceptionOnStartWithNullState()[pri:0, instance:ApprovalWorkflowTest@457e2f02]" name="shouldThrowExceptionOnStartWithNullState" duration-ms="2" started-at="2019-10-25T06:48:40 IST" finished-at="2019-10-25T06:48:40 IST">
          <exception class="com.janio.exception.StateMachineException">
            <message>
              <![CDATA[Invalid start state]]>
            </message>
            <full-stacktrace>
              <![CDATA[com.janio.exception.StateMachineException: Invalid start state
at com.janio.SimpleStateMachine.start(SimpleStateMachine.java:23)
at ApprovalWorkflowTest.shouldThrowExceptionOnStartWithNullState(ApprovalWorkflowTest.java:82)
at sun.reflect.NativeMethodAccessorImpl.invoke0(Native Method)
at sun.reflect.NativeMethodAccessorImpl.invoke(NativeMethodAccessorImpl.java:62)
at sun.reflect.DelegatingMethodAccessorImpl.invoke(DelegatingMethodAccessorImpl.java:43)
at java.lang.reflect.Method.invoke(Method.java:498)
at org.testng.internal.MethodInvocationHelper.invokeMethod(MethodInvocationHelper.java:133)
at org.testng.internal.TestInvoker.invokeMethod(TestInvoker.java:584)
at org.testng.internal.TestInvoker.invokeTestMethod(TestInvoker.java:172)
at org.testng.internal.MethodRunner.runInSequence(MethodRunner.java:46)
at org.testng.internal.TestInvoker$MethodInvocationAgent.invoke(TestInvoker.java:804)
at org.testng.internal.TestInvoker.invokeTestMethods(TestInvoker.java:145)
at org.testng.internal.TestMethodWorker.invokeTestMethods(TestMethodWorker.java:146)
at org.testng.internal.TestMethodWorker.run(TestMethodWorker.java:128)
at java.util.ArrayList.forEach(ArrayList.java:1257)
at org.testng.TestRunner.privateRun(TestRunner.java:770)
at org.testng.TestRunner.run(TestRunner.java:591)
at org.testng.SuiteRunner.runTest(SuiteRunner.java:402)
at org.testng.SuiteRunner.runSequentially(SuiteRunner.java:396)
at org.testng.SuiteRunner.privateRun(SuiteRunner.java:355)
at org.testng.SuiteRunner.run(SuiteRunner.java:304)
at org.testng.SuiteRunnerWorker.runSuite(SuiteRunnerWorker.java:53)
at org.testng.SuiteRunnerWorker.run(SuiteRunnerWorker.java:96)
at org.testng.TestNG.runSuitesSequentially(TestNG.java:1180)
at org.testng.TestNG.runSuitesLocally(TestNG.java:1102)
at org.testng.TestNG.runSuites(TestNG.java:1032)
at org.testng.TestNG.run(TestNG.java:1000)
at org.apache.maven.surefire.testng.TestNGExecutor.run(TestNGExecutor.java:77)
at org.apache.maven.surefire.testng.TestNGDirectoryTestSuite.execute(TestNGDirectoryTestSuite.java:110)
at org.apache.maven.surefire.testng.TestNGProvider.invoke(TestNGProvider.java:106)
at sun.reflect.NativeMethodAccessorImpl.invoke0(Native Method)
at sun.reflect.NativeMethodAccessorImpl.invoke(NativeMethodAccessorImpl.java:62)
at sun.reflect.DelegatingMethodAccessorImpl.invoke(DelegatingMethodAccessorImpl.java:43)
at java.lang.reflect.Method.invoke(Method.java:498)
at org.apache.maven.surefire.util.ReflectionUtils.invokeMethodWithArray(ReflectionUtils.java:189)
at org.apache.maven.surefire.booter.ProviderFactory$ProviderProxy.invoke(ProviderFactory.java:165)
at org.apache.maven.surefire.booter.ProviderFactory.invokeProvider(ProviderFactory.java:85)
at org.apache.maven.surefire.booter.ForkedBooter.runSuitesInProcess(ForkedBooter.java:115)
at org.apache.maven.surefire.booter.ForkedBooter.main(ForkedBooter.java:75)
]]>
            </full-stacktrace>
          </exception> <!-- com.janio.exception.StateMachineException -->
          <reporter-output>
          </reporter-output>
        </test-method> <!-- shouldThrowExceptionOnStartWithNullState -->
        <test-method status="PASS" signature="testNoStateTransition([Ljava.lang.Object;)[pri:0, instance:ApprovalWorkflowTest@457e2f02]" name="testNoStateTransition" duration-ms="1" started-at="2019-10-25T06:48:40 IST" data-provider="noTransition" finished-at="2019-10-25T06:48:40 IST">
          <params>
            <param index="0">
              <value>
                <![CDATA[[Ljava.lang.Object;@4f063c0a]]>
              </value>
            </param>
          </params>
          <reporter-output>
          </reporter-output>
        </test-method> <!-- testNoStateTransition -->
        <test-method status="PASS" signature="testNoStateTransition([Ljava.lang.Object;)[pri:0, instance:ApprovalWorkflowTest@457e2f02]" name="testNoStateTransition" duration-ms="0" started-at="2019-10-25T06:48:40 IST" data-provider="noTransition" finished-at="2019-10-25T06:48:40 IST">
          <params>
            <param index="0">
              <value>
                <![CDATA[[Ljava.lang.Object;@76707e36]]>
              </value>
            </param>
          </params>
          <reporter-output>
          </reporter-output>
        </test-method> <!-- testNoStateTransition -->
        <test-method status="PASS" signature="testNoStateTransition([Ljava.lang.Object;)[pri:0, instance:ApprovalWorkflowTest@457e2f02]" name="testNoStateTransition" duration-ms="0" started-at="2019-10-25T06:48:40 IST" data-provider="noTransition" finished-at="2019-10-25T06:48:40 IST">
          <params>
            <param index="0">
              <value>
                <![CDATA[[Ljava.lang.Object;@1f554b06]]>
              </value>
            </param>
          </params>
          <reporter-output>
          </reporter-output>
        </test-method> <!-- testNoStateTransition -->
        <test-method status="PASS" signature="testNoStateTransition([Ljava.lang.Object;)[pri:0, instance:ApprovalWorkflowTest@457e2f02]" name="testNoStateTransition" duration-ms="0" started-at="2019-10-25T06:48:40 IST" data-provider="noTransition" finished-at="2019-10-25T06:48:40 IST">
          <params>
            <param index="0">
              <value>
                <![CDATA[[Ljava.lang.Object;@1c3a4799]]>
              </value>
            </param>
          </params>
          <reporter-output>
          </reporter-output>
        </test-method> <!-- testNoStateTransition -->
        <test-method status="PASS" signature="testValidStateTransition([Ljava.lang.Object;)[pri:0, instance:ApprovalWorkflowTest@457e2f02]" name="testValidStateTransition" duration-ms="1" started-at="2019-10-25T06:48:40 IST" data-provider="validTransition" finished-at="2019-10-25T06:48:40 IST">
          <params>
            <param index="0">
              <value>
                <![CDATA[[Ljava.lang.Object;@26aa12dd]]>
              </value>
            </param>
          </params>
          <reporter-output>
          </reporter-output>
        </test-method> <!-- testValidStateTransition -->
        <test-method status="PASS" signature="testValidStateTransition([Ljava.lang.Object;)[pri:0, instance:ApprovalWorkflowTest@457e2f02]" name="testValidStateTransition" duration-ms="0" started-at="2019-10-25T06:48:40 IST" data-provider="validTransition" finished-at="2019-10-25T06:48:40 IST">
          <params>
            <param index="0">
              <value>
                <![CDATA[[Ljava.lang.Object;@711f39f9]]>
              </value>
            </param>
          </params>
          <reporter-output>
          </reporter-output>
        </test-method> <!-- testValidStateTransition -->
        <test-method status="PASS" signature="testValidStateTransition([Ljava.lang.Object;)[pri:0, instance:ApprovalWorkflowTest@457e2f02]" name="testValidStateTransition" duration-ms="0" started-at="2019-10-25T06:48:40 IST" data-provider="validTransition" finished-at="2019-10-25T06:48:40 IST">
          <params>
            <param index="0">
              <value>
                <![CDATA[[Ljava.lang.Object;@d44fc21]]>
              </value>
            </param>
          </params>
          <reporter-output>
          </reporter-output>
        </test-method> <!-- testValidStateTransition -->
        <test-method status="PASS" signature="testValidStateTransition([Ljava.lang.Object;)[pri:0, instance:ApprovalWorkflowTest@457e2f02]" name="testValidStateTransition" duration-ms="0" started-at="2019-10-25T06:48:40 IST" data-provider="validTransition" finished-at="2019-10-25T06:48:40 IST">
          <params>
            <param index="0">
              <value>
                <![CDATA[[Ljava.lang.Object;@2d6eabae]]>
              </value>
            </param>
          </params>
          <reporter-output>
          </reporter-output>
        </test-method> <!-- testValidStateTransition -->
        <test-method status="PASS" signature="testValidStateTransition([Ljava.lang.Object;)[pri:0, instance:ApprovalWorkflowTest@457e2f02]" name="testValidStateTransition" duration-ms="0" started-at="2019-10-25T06:48:40 IST" data-provider="validTransition" finished-at="2019-10-25T06:48:40 IST">
          <params>
            <param index="0">
              <value>
                <![CDATA[[Ljava.lang.Object;@64729b1e]]>
              </value>
            </param>
          </params>
          <reporter-output>
          </reporter-output>
        </test-method> <!-- testValidStateTransition -->
      </class> <!-- ApprovalWorkflowTest -->
    </test> <!-- Command line test -->
  </suite> <!-- ApprovalWorkflowTest -->
</testng-results>
